<?xml version="1.0" encoding="UTF-8"?>
<testsuite xmlns:xsi="http://www.w3.org/2001/XMLSchema-instance" xsi:noNamespaceSchemaLocation="https://maven.apache.org/surefire/maven-surefire-plugin/xsd/surefire-test-report-3.0.xsd" version="3.0" name="number_detection.mathematical_neural_net.Netz.NeuralNetworkTest" time="0.147" tests="3" errors="0" skipped="0" failures="2">
  <properties>
[...]
</properties>
  <testcase name="Given_values_from_the_book_Then_result_is_the_same_as_in_the_booK" classname="number_detection.mathematical_neural_net.Netz.NeuralNetworkTest" time="0.022">
    <system-out><![CDATA[0.7263033450139793
0.7085980724248232
0.778097059561142

]]></system-out>
  </testcase>
  <testcase name="GIVEN_expected_is_not_0_5_THEN_0_5_is_NOT_RETURNED" classname="number_detection.mathematical_neural_net.Netz.NeuralNetworkTest" time="0.098">
    <failure message="array contents differ at index [0], expected: &lt;0.5&gt; but was: &lt;0.10781184099870923&gt;" type="org.opentest4j.AssertionFailedError"><![CDATA[org.opentest4j.AssertionFailedError: array contents differ at index [0], expected: <0.5> but was: <0.10781184099870923>
	at org.junit.jupiter.api.AssertionFailureBuilder.build(AssertionFailureBuilder.java:151)
	at org.junit.jupiter.api.AssertionFailureBuilder.buildAndThrow(AssertionFailureBuilder.java:132)
	at org.junit.jupiter.api.AssertArrayEquals.failArraysNotEqual(AssertArrayEquals.java:440)
	at org.junit.jupiter.api.AssertArrayEquals.assertArrayEquals(AssertArrayEquals.java:323)
	at org.junit.jupiter.api.AssertArrayEquals.assertArrayEquals(AssertArrayEquals.java:147)
	at org.junit.jupiter.api.AssertArrayEquals.assertArrayEquals(AssertArrayEquals.java:143)
	at org.junit.jupiter.api.Assertions.assertArrayEquals(Assertions.java:1418)
	at number_detection.mathematical_neural_net.Netz.NeuralNetworkTest.GIVEN_expected_is_not_0_5_THEN_0_5_is_NOT_RETURNED(NeuralNetworkTest.java:87)
	at java.base/java.lang.reflect.Method.invoke(Method.java:580)
	at java.base/java.util.ArrayList.forEach(ArrayList.java:1596)
	at java.base/java.util.ArrayList.forEach(ArrayList.java:1596)
]]></failure>
  </testcase>
  <testcase name="GIVEN_networkWithOneMatrix_THEN_calculationsAreCorrect" classname="number_detection.mathematical_neural_net.Netz.NeuralNetworkTest" time="0.008">
    <failure message="array contents differ at index [0][0], expected: &lt;0.7685000000000001&gt; but was: &lt;0.7453272037634077&gt;" type="org.opentest4j.AssertionFailedError"><![CDATA[org.opentest4j.AssertionFailedError: array contents differ at index [0][0], expected: <0.7685000000000001> but was: <0.7453272037634077>
	at org.junit.jupiter.api.AssertionFailureBuilder.build(AssertionFailureBuilder.java:151)
	at org.junit.jupiter.api.AssertionFailureBuilder.buildAndThrow(AssertionFailureBuilder.java:132)
	at org.junit.jupiter.api.AssertArrayEquals.failArraysNotEqual(AssertArrayEquals.java:440)
	at org.junit.jupiter.api.AssertArrayEquals.assertArrayEquals(AssertArrayEquals.java:306)
	at org.junit.jupiter.api.AssertArrayEquals.assertArrayElementsEqual(AssertArrayEquals.java:376)
	at org.junit.jupiter.api.AssertArrayEquals.assertArrayEquals(AssertArrayEquals.java:346)
	at org.junit.jupiter.api.AssertArrayEquals.assertArrayEquals(AssertArrayEquals.java:159)
	at org.junit.jupiter.api.AssertArrayEquals.assertArrayEquals(AssertArrayEquals.java:155)
	at org.junit.jupiter.api.Assertions.assertArrayEquals(Assertions.java:1452)
	at number_detection.mathematical_neural_net.Netz.NeuralNetworkTest.GIVEN_networkWithOneMatrix_THEN_calculationsAreCorrect(NeuralNetworkTest.java:61)
	at java.base/java.lang.reflect.Method.invoke(Method.java:580)
	at java.base/java.util.ArrayList.forEach(ArrayList.java:1596)
	at java.base/java.util.ArrayList.forEach(ArrayList.java:1596)
]]></failure>
    <system-out><![CDATA[expected: 

[0.7685000000000001, 0.1864, 0.6881999999999999]
[0.34330000000000005, 0.8755000000000001, 0.2788]
[0.2811, 0.4918, 0.5929]

actual: 

[0.7453272037634077, 0.10158896677413376, 0.6671963222580446]
[0.37322446321993236, 0.8518040337958782, 0.2839346779319594]
[0.32174370458406115, 0.5391386682513101, 0.6130462227504366]

]]></system-out>
  </testcase>
</testsuite>